This is pdfTeX, Version 3.14159265-2.6-1.40.16 (TeX Live 2015/Debian) (preloaded format=pdflatex 2017.9.5)  20 DEC 2017 21:30
entering extended mode
 restricted \write18 enabled.
 %&-line parsing enabled.
**report.tex
(./report.tex
LaTeX2e <2016/02/01>
Babel <3.9q> and hyphenation patterns for 81 language(s) loaded.
(/usr/share/texlive/texmf-dist/tex/latex/base/report.cls
Document Class: report 2014/09/29 v1.4h Standard LaTeX document class
(/usr/share/texlive/texmf-dist/tex/latex/base/size12.clo
File: size12.clo 2014/09/29 v1.4h Standard LaTeX file (size option)
)
\c@part=\count79
\c@chapter=\count80
\c@section=\count81
\c@subsection=\count82
\c@subsubsection=\count83
\c@paragraph=\count84
\c@subparagraph=\count85
\c@figure=\count86
\c@table=\count87
\abovecaptionskip=\skip41
\belowcaptionskip=\skip42
\bibindent=\dimen102
) (./pdfscreen.sty
Package: pdfscreen 2000/07/07 v.1.5 screen PDF design (CVR)

(/usr/share/texlive/texmf-dist/tex/latex/graphics/graphicx.sty
Package: graphicx 2014/10/28 v1.0g Enhanced LaTeX Graphics (DPC,SPQR)

(/usr/share/texlive/texmf-dist/tex/latex/graphics/keyval.sty
Package: keyval 2014/10/28 v1.15 key=value parser (DPC)
\KV@toks@=\toks14
)
(/usr/share/texlive/texmf-dist/tex/latex/graphics/graphics.sty
Package: graphics 2016/01/03 v1.0q Standard LaTeX Graphics (DPC,SPQR)

(/usr/share/texlive/texmf-dist/tex/latex/graphics/trig.sty
Package: trig 2016/01/03 v1.10 sin cos tan (DPC)
)
(/usr/share/texlive/texmf-dist/tex/latex/latexconfig/graphics.cfg
File: graphics.cfg 2010/04/23 v1.9 graphics configuration of TeX Live
)
Package graphics Info: Driver file: pdftex.def on input line 95.

(/usr/share/texlive/texmf-dist/tex/latex/pdftex-def/pdftex.def
File: pdftex.def 2011/05/27 v0.06d Graphics/color for pdfTeX

(/usr/share/texlive/texmf-dist/tex/generic/oberdiek/infwarerr.sty
Package: infwarerr 2010/04/08 v1.3 Providing info/warning/error messages (HO)
)
(/usr/share/texlive/texmf-dist/tex/generic/oberdiek/ltxcmds.sty
Package: ltxcmds 2011/11/09 v1.22 LaTeX kernel commands for general use (HO)
)
\Gread@gobject=\count88
))
\Gin@req@height=\dimen103
\Gin@req@width=\dimen104
)
(/usr/share/texlive/texmf-dist/tex/latex/graphics/color.sty
Package: color 2016/01/03 v1.1b Standard LaTeX Color (DPC)

(/usr/share/texlive/texmf-dist/tex/latex/latexconfig/color.cfg
File: color.cfg 2007/01/18 v1.5 color configuration of teTeX/TeXLive
)
Package color Info: Driver file: pdftex.def on input line 143.
)
(/usr/share/texlive/texmf-dist/tex/latex/tools/calc.sty
Package: calc 2014/10/28 v4.3 Infix arithmetic (KKT,FJ)
\calc@Acount=\count89
\calc@Bcount=\count90
\calc@Adimen=\dimen105
\calc@Bdimen=\dimen106
\calc@Askip=\skip43
\calc@Bskip=\skip44
LaTeX Info: Redefining \setlength on input line 80.
LaTeX Info: Redefining \addtolength on input line 81.
\calc@Ccount=\count91
\calc@Cskip=\skip45
) (./comment.sty
\CommentStream=\write3

Excluding comment 'comment')
\c@panel=\count92
\c@driver=\count93
\c@scheme=\count94

(/usr/share/texlive/texmf-dist/tex/latex/amsfonts/amssymb.sty
Package: amssymb 2013/01/14 v3.01 AMS font symbols

(/usr/share/texlive/texmf-dist/tex/latex/amsfonts/amsfonts.sty
Package: amsfonts 2013/01/14 v3.01 Basic AMSFonts support
\@emptytoks=\toks15
\symAMSa=\mathgroup4
\symAMSb=\mathgroup5
LaTeX Font Info:    Overwriting math alphabet `\mathfrak' in version `bold'
(Font)                  U/euf/m/n --> U/euf/b/n on input line 106.
))
(/usr/share/texlive/texmf-dist/tex/latex/hyperref/hyperref.sty
Package: hyperref 2012/11/06 v6.83m Hypertext links for LaTeX

(/usr/share/texlive/texmf-dist/tex/generic/oberdiek/hobsub-hyperref.sty
Package: hobsub-hyperref 2012/05/28 v1.13 Bundle oberdiek, subset hyperref (HO)


(/usr/share/texlive/texmf-dist/tex/generic/oberdiek/hobsub-generic.sty
Package: hobsub-generic 2012/05/28 v1.13 Bundle oberdiek, subset generic (HO)
Package: hobsub 2012/05/28 v1.13 Construct package bundles (HO)
Package hobsub Info: Skipping package `infwarerr' (already loaded).
Package hobsub Info: Skipping package `ltxcmds' (already loaded).
Package: ifluatex 2010/03/01 v1.3 Provides the ifluatex switch (HO)
Package ifluatex Info: LuaTeX not detected.
Package: ifvtex 2010/03/01 v1.5 Detect VTeX and its facilities (HO)
Package ifvtex Info: VTeX not detected.
Package: intcalc 2007/09/27 v1.1 Expandable calculations with integers (HO)
Package: ifpdf 2011/01/30 v2.3 Provides the ifpdf switch (HO)
Package ifpdf Info: pdfTeX in PDF mode is detected.
Package: etexcmds 2011/02/16 v1.5 Avoid name clashes with e-TeX commands (HO)
Package etexcmds Info: Could not find \expanded.
(etexcmds)             That can mean that you are not using pdfTeX 1.50 or
(etexcmds)             that some package has redefined \expanded.
(etexcmds)             In the latter case, load this package earlier.
Package: kvsetkeys 2012/04/25 v1.16 Key value parser (HO)
Package: kvdefinekeys 2011/04/07 v1.3 Define keys (HO)
Package: pdftexcmds 2011/11/29 v0.20 Utility functions of pdfTeX for LuaTeX (HO
)
Package pdftexcmds Info: LuaTeX not detected.
Package pdftexcmds Info: \pdf@primitive is available.
Package pdftexcmds Info: \pdf@ifprimitive is available.
Package pdftexcmds Info: \pdfdraftmode found.
Package: pdfescape 2011/11/25 v1.13 Implements pdfTeX's escape features (HO)
Package: bigintcalc 2012/04/08 v1.3 Expandable calculations on big integers (HO
)
Package: bitset 2011/01/30 v1.1 Handle bit-vector datatype (HO)
Package: uniquecounter 2011/01/30 v1.2 Provide unlimited unique counter (HO)
)
Package hobsub Info: Skipping package `hobsub' (already loaded).
Package: letltxmacro 2010/09/02 v1.4 Let assignment for LaTeX macros (HO)
Package: hopatch 2012/05/28 v1.2 Wrapper for package hooks (HO)
Package: xcolor-patch 2011/01/30 xcolor patch
Package: atveryend 2011/06/30 v1.8 Hooks at the very end of document (HO)
Package atveryend Info: \enddocument detected (standard20110627).
Package: atbegshi 2011/10/05 v1.16 At begin shipout hook (HO)
Package: refcount 2011/10/16 v3.4 Data extraction from label references (HO)
Package: hycolor 2011/01/30 v1.7 Color options for hyperref/bookmark (HO)
)
(/usr/share/texlive/texmf-dist/tex/generic/ifxetex/ifxetex.sty
Package: ifxetex 2010/09/12 v0.6 Provides ifxetex conditional
)
(/usr/share/texlive/texmf-dist/tex/latex/oberdiek/auxhook.sty
Package: auxhook 2011/03/04 v1.3 Hooks for auxiliary files (HO)
)
(/usr/share/texlive/texmf-dist/tex/latex/oberdiek/kvoptions.sty
Package: kvoptions 2011/06/30 v3.11 Key value format for package options (HO)
)
\@linkdim=\dimen107
\Hy@linkcounter=\count95
\Hy@pagecounter=\count96

(/usr/share/texlive/texmf-dist/tex/latex/hyperref/pd1enc.def
File: pd1enc.def 2012/11/06 v6.83m Hyperref: PDFDocEncoding definition (HO)
)
\Hy@SavedSpaceFactor=\count97

(/usr/share/texlive/texmf-dist/tex/latex/latexconfig/hyperref.cfg
File: hyperref.cfg 2002/06/06 v1.2 hyperref configuration of TeXLive
)
Package hyperref Info: Option `bookmarksopen' set `true' on input line 4319.
Package hyperref Info: Option `colorlinks' set `true' on input line 4319.
Package hyperref Info: Hyper figures OFF on input line 4443.
Package hyperref Info: Link nesting OFF on input line 4448.
Package hyperref Info: Hyper index ON on input line 4451.
Package hyperref Info: Plain pages OFF on input line 4458.
Package hyperref Info: Backreferencing OFF on input line 4463.
Package hyperref Info: Implicit mode ON; LaTeX internals redefined.
Package hyperref Info: Bookmarks ON on input line 4688.
\c@Hy@tempcnt=\count98

(/usr/share/texlive/texmf-dist/tex/latex/url/url.sty
\Urlmuskip=\muskip10
Package: url 2013/09/16  ver 3.4  Verb mode for urls, etc.
)
LaTeX Info: Redefining \url on input line 5041.
\XeTeXLinkMargin=\dimen108
\Fld@menulength=\count99
\Field@Width=\dimen109
\Fld@charsize=\dimen110
Package hyperref Info: Hyper figures OFF on input line 6295.
Package hyperref Info: Link nesting OFF on input line 6300.
Package hyperref Info: Hyper index ON on input line 6303.
Package hyperref Info: backreferencing OFF on input line 6310.
Package hyperref Info: Link coloring ON on input line 6313.
Package hyperref Info: Link coloring with OCG OFF on input line 6320.
Package hyperref Info: PDF/A mode OFF on input line 6325.
LaTeX Info: Redefining \ref on input line 6365.
LaTeX Info: Redefining \pageref on input line 6369.
\Hy@abspage=\count100
\c@Item=\count101
\c@Hfootnote=\count102
)

Package hyperref Message: Driver: hpdftex.

(/usr/share/texlive/texmf-dist/tex/latex/hyperref/hpdftex.def
File: hpdftex.def 2012/11/06 v6.83m Hyperref driver for pdfTeX
\Fld@listcount=\count103
\c@bookmark@seq@number=\count104

(/usr/share/texlive/texmf-dist/tex/latex/oberdiek/rerunfilecheck.sty
Package: rerunfilecheck 2011/04/15 v1.7 Rerun checks for auxiliary files (HO)
Package uniquecounter Info: New unique counter `rerunfilecheck' on input line 2
82.
)
\Hy@SectionHShift=\skip46
)
Include comment 'print' Excluding comment 'screen' (./fancybox.sty
Style option: `fancybox' v1.0 <93/02/10> (tvz)
\@fancybox=\box26
\shadowsize=\dimen111
\@Sbox=\box27
\do@VerbBox=\toks16
\the@fancyput=\toks17
\this@fancyput=\toks18
\EndVerbatimTokens=\toks19
\Verbatim@Outfile=\write4
\Verbatim@Infile=\read1
)
\@PDFmpht=\dimen112
\c@slide=\count105
\c@slideoverlay=\count106
) (./lipsum.sty
Package: lipsum 2011/04/14 v1.2 150 paragraphs of Lorem Ipsum dummy text
\c@lips@count=\count107
) (./titletoc.sty
Package: titletoc 2011/12/15 v1.6 TOC entries
\ttl@leftsep=\dimen113
)
(/usr/share/texlive/texmf-dist/tex/latex/rotating/rotating.sty
Package: rotating 2009/03/28 v2.16a rotated objects in LaTeX

(/usr/share/texlive/texmf-dist/tex/latex/base/ifthen.sty
Package: ifthen 2014/09/29 v1.1c Standard LaTeX ifthen package (DPC)
)
\c@r@tfl@t=\count108
\rotFPtop=\skip47
\rotFPbot=\skip48
\rot@float@box=\box28
\rot@mess@toks=\toks20
)
(/usr/share/texlive/texmf-dist/tex/latex/listings/listings.sty
\lst@mode=\count109
\lst@gtempboxa=\box29
\lst@token=\toks21
\lst@length=\count110
\lst@currlwidth=\dimen114
\lst@column=\count111
\lst@pos=\count112
\lst@lostspace=\dimen115
\lst@width=\dimen116
\lst@newlines=\count113
\lst@lineno=\count114
\lst@maxwidth=\dimen117

(/usr/share/texlive/texmf-dist/tex/latex/listings/lstmisc.sty
File: lstmisc.sty 2015/06/04 1.6 (Carsten Heinz)
\c@lstnumber=\count115
\lst@skipnumbers=\count116
\lst@framebox=\box30
)
(/usr/share/texlive/texmf-dist/tex/latex/listings/listings.cfg
File: listings.cfg 2015/06/04 1.6 listings configuration
))
Package: listings 2015/06/04 1.6 (Carsten Heinz)

(./lastpage.sty
Package: lastpage 1994/06/25 v0.1b LaTeX2e package for refs to last page number
 (JPG)
) (./macro/macro.sty) (./float.sty
Package: float 1999/05/29 v1.2d Float enhancements (AL)
\c@float@type=\count117
\float@box=\box31
\@floatcapt=\box32
)
(/usr/share/texlive/texmf-dist/tex/latex/fancyhdr/fancyhdr.sty
\fancy@headwidth=\skip49
\f@ncyO@elh=\skip50
\f@ncyO@erh=\skip51
\f@ncyO@olh=\skip52
\f@ncyO@orh=\skip53
\f@ncyO@elf=\skip54
\f@ncyO@erf=\skip55
\f@ncyO@olf=\skip56
\f@ncyO@orf=\skip57
)
(/usr/share/texlive/texmf-dist/tex/latex/tools/verbatim.sty
Package: verbatim 2014/10/28 v1.5q LaTeX2e package for verbatim enhancements
\every@verbatim=\toks22
\verbatim@line=\toks23
\verbatim@in@stream=\read2
) (./fncychap.sty
Package: fncychap 2007/07/30 v1.34 LaTeX package (Revised chapters)
\RW=\skip58
\mylen=\skip59
\myhi=\skip60
\px=\skip61
\py=\skip62
\pyy=\skip63
\pxx=\skip64
\backskip=\skip65
)
(/usr/share/texlive/texmf-dist/tex/latex/geometry/geometry.sty
Package: geometry 2010/09/12 v5.6 Page Geometry
\Gm@cnth=\count118
\Gm@cntv=\count119
\c@Gm@tempcnt=\count120
\Gm@bindingoffset=\dimen118
\Gm@wd@mp=\dimen119
\Gm@odd@mp=\dimen120
\Gm@even@mp=\dimen121
\Gm@layoutwidth=\dimen122
\Gm@layoutheight=\dimen123
\Gm@layouthoffset=\dimen124
\Gm@layoutvoffset=\dimen125
\Gm@dimlist=\toks24
)
Excluding 'screen' comment.

LaTeX Warning: Unused global option(s):
    [includeheadfoot].

(./report.aux

LaTeX Warning: Label `' multiply defined.


LaTeX Warning: Label `' multiply defined.


LaTeX Warning: Label `' multiply defined.


LaTeX Warning: Label `' multiply defined.


LaTeX Warning: Label `' multiply defined.


LaTeX Warning: Label `' multiply defined.

)
\openout1 = `report.aux'.

LaTeX Font Info:    Checking defaults for OML/cmm/m/it on input line 37.
LaTeX Font Info:    ... okay on input line 37.
LaTeX Font Info:    Checking defaults for T1/cmr/m/n on input line 37.
LaTeX Font Info:    ... okay on input line 37.
LaTeX Font Info:    Checking defaults for OT1/cmr/m/n on input line 37.
LaTeX Font Info:    ... okay on input line 37.
LaTeX Font Info:    Checking defaults for OMS/cmsy/m/n on input line 37.
LaTeX Font Info:    ... okay on input line 37.
LaTeX Font Info:    Checking defaults for OMX/cmex/m/n on input line 37.
LaTeX Font Info:    ... okay on input line 37.
LaTeX Font Info:    Checking defaults for U/cmr/m/n on input line 37.
LaTeX Font Info:    ... okay on input line 37.
LaTeX Font Info:    Checking defaults for PD1/pdf/m/n on input line 37.
LaTeX Font Info:    ... okay on input line 37.
 (/usr/share/texlive/texmf-dist/tex/context/base/supp-pdf.mkii
[Loading MPS to PDF converter (version 2006.09.02).]
\scratchcounter=\count121
\scratchdimen=\dimen126
\scratchbox=\box33
\nofMPsegments=\count122
\nofMParguments=\count123
\everyMPshowfont=\toks25
\MPscratchCnt=\count124
\MPscratchDim=\dimen127
\MPnumerator=\count125
\makeMPintoPDFobject=\count126
\everyMPtoPDFconversion=\toks26
) (/usr/share/texlive/texmf-dist/tex/latex/oberdiek/epstopdf-base.sty
Package: epstopdf-base 2010/02/09 v2.5 Base part for package epstopdf

(/usr/share/texlive/texmf-dist/tex/latex/oberdiek/grfext.sty
Package: grfext 2010/08/19 v1.1 Manage graphics extensions (HO)
)
Package grfext Info: Graphics extension search list:
(grfext)             [.png,.pdf,.jpg,.mps,.jpeg,.jbig2,.jb2,.PNG,.PDF,.JPG,.JPE
G,.JBIG2,.JB2,.eps]
(grfext)             \AppendGraphicsExtensions on input line 452.

(/usr/share/texlive/texmf-dist/tex/latex/latexconfig/epstopdf-sys.cfg
File: epstopdf-sys.cfg 2010/07/13 v1.3 Configuration of (r)epstopdf for TeX Liv
e
))
\AtBeginShipoutBox=\box34
Package hyperref Info: Link coloring ON on input line 37.

(/usr/share/texlive/texmf-dist/tex/latex/hyperref/nameref.sty
Package: nameref 2012/10/27 v2.43 Cross-referencing by name of section

(/usr/share/texlive/texmf-dist/tex/generic/oberdiek/gettitlestring.sty
Package: gettitlestring 2010/12/03 v1.4 Cleanup title references (HO)
)
\c@section@level=\count127
)
LaTeX Info: Redefining \ref on input line 37.
LaTeX Info: Redefining \pageref on input line 37.
LaTeX Info: Redefining \nameref on input line 37.

(./report.out) (./report.out)
\@outlinefile=\write5
\openout5 = `report.out'.

\c@lstlisting=\count128

*geometry* driver: auto-detecting
*geometry* detected driver: pdftex
*geometry* verbose mode - [ preamble ] result:
* driver: pdftex
* paper: a4paper
* layout: <same size as paper>
* layoutoffset:(h,v)=(0.0pt,0.0pt)
* modes: includehead includefoot 
* h-part:(L,W,R)=(71.13188pt, 483.69687pt, 42.67912pt)
* v-part:(T,H,B)=(42.67912pt, 759.6886pt, 42.67912pt)
* \paperwidth=597.50787pt
* \paperheight=845.04684pt
* \textwidth=483.69687pt
* \textheight=692.6886pt
* \oddsidemargin=-1.1381pt
* \evensidemargin=-1.1381pt
* \topmargin=-29.59087pt
* \headheight=12.0pt
* \headsep=25.0pt
* \topskip=12.0pt
* \footskip=30.0pt
* \marginparwidth=35.0pt
* \marginparsep=10.0pt
* \columnsep=10.0pt
* \skip\footins=10.8pt plus 4.0pt minus 2.0pt
* \hoffset=0.0pt
* \voffset=0.0pt
* \mag=1000
* \@twocolumnfalse
* \@twosidefalse
* \@mparswitchfalse
* \@reversemarginfalse
* (1in=72.27pt=25.4mm, 1cm=28.453pt)

(./input/titlepage.tex) <input/images/gne.png, id=333, 618.31pt x 678.535pt>
File: input/images/gne.png Graphic file (type png)

<use input/images/gne.png>
Package pdftex.def Info: input/images/gne.png used on input line 41.
(pdftex.def)             Requested size: 145.11053pt x 159.23831pt.
LaTeX Font Info:    Try loading font information for U+msa on input line 41.

(/usr/share/texlive/texmf-dist/tex/latex/amsfonts/umsa.fd
File: umsa.fd 2013/01/14 v3.01 AMS symbols A
)
LaTeX Font Info:    Try loading font information for U+msb on input line 41.

(/usr/share/texlive/texmf-dist/tex/latex/amsfonts/umsb.fd
File: umsb.fd 2013/01/14 v3.01 AMS symbols B
) [1

{/var/lib/texmf/fonts/map/pdftex/updmap/pdftex.map} <./input/images/gne.png>] (
./input/certi.tex
<input/images/tcc1.png, id=344, 597.55244pt x 845.0772pt>
File: input/images/tcc1.png Graphic file (type png)

<use input/images/tcc1.png>
Package pdftex.def Info: input/images/tcc1.png used on input line 6.
(pdftex.def)             Requested size: 358.53423pt x 507.05023pt.


Package Fancyhdr Warning: \headheight is too small (12.0pt): 
 Make it at least 14.49998pt.
 We now make it that large for the rest of the document.
 This may cause the page layout to be inconsistent, however.

[1pdfTeX warning (ext4): destination with the same identifier (name{figure.0.1}
) has been already used, duplicate ignored

\AtBegShi@Output ...ipout \box \AtBeginShipoutBox 
                                                  \fi \fi 
l.8 \end{figure}\newpage
                        \begin{figure}[ht] <./input/images/tcc1.png>]
<input/images/tech.png, id=350, 597.55244pt x 845.0772pt>
File: input/images/tech.png Graphic file (type png)

<use input/images/tech.png>
Package pdftex.def Info: input/images/tech.png used on input line 10.
(pdftex.def)             Requested size: 358.53423pt x 507.05023pt.

<input/images/numit.png, id=351, 597.55244pt x 845.0772pt>
File: input/images/numit.png Graphic file (type png)

<use input/images/numit.png>
Package pdftex.def Info: input/images/numit.png used on input line 15.
(pdftex.def)             Requested size: 412.31163pt x 583.1039pt.


Package Fancyhdr Warning: \headheight is too small (12.0pt): 
 Make it at least 14.49998pt.
 We now make it that large for the rest of the document.
 This may cause the page layout to be inconsistent, however.

[2pdfTeX warning (ext4): destination with the same identifier (name{figure.0.2}
) has been already used, duplicate ignored

\AtBegShi@Output ...ipout \box \AtBeginShipoutBox 
                                                  \fi \fi 
l.17 \end{figure}\newpage
                          <./input/images/tech.png>]

Package Fancyhdr Warning: \headheight is too small (12.0pt): 
 Make it at least 14.49998pt.
 We now make it that large for the rest of the document.
 This may cause the page layout to be inconsistent, however.

[3pdfTeX warning (ext4): destination with the same identifier (name{figure.0.3}
) has been already used, duplicate ignored

\AtBegShi@Output ...ipout \box \AtBeginShipoutBox 
                                                  \fi \fi 
l.17 \end{figure}\newpage
                          <./input/images/numit.png>]) (./input/abstract.tex
Underfull \hbox (badness 10000) in paragraph at lines 5--6

 []


Underfull \hbox (badness 10000) in paragraph at lines 7--8

 []

LaTeX Font Info:    Try loading font information for OMS+cmr on input line 12.
(/usr/share/texlive/texmf-dist/tex/latex/base/omscmr.fd
File: omscmr.fd 2014/09/29 v2.5h Standard LaTeX font definitions
)
LaTeX Font Info:    Font shape `OMS/cmr/m/n' in size <12> not available
(Font)              Font shape `OMS/cmsy/m/n' tried instead on input line 12.
)

Package Fancyhdr Warning: \headheight is too small (12.0pt): 
 Make it at least 14.49998pt.
 We now make it that large for the rest of the document.
 This may cause the page layout to be inconsistent, however.

[4] (./input/acknowledgement.tex
Underfull \hbox (badness 10000) in paragraph at lines 5--8

 []


Underfull \hbox (badness 10000) in paragraph at lines 9--11

 []


Underfull \hbox (badness 10000) in paragraph at lines 14--16

 []


Underfull \hbox (badness 10000) in paragraph at lines 17--18

 []

)

Package Fancyhdr Warning: \headheight is too small (12.0pt): 
 Make it at least 14.49998pt.
 We now make it that large for the rest of the document.
 This may cause the page layout to be inconsistent, however.

[5] (./input/abb.tex
LaTeX Font Info:    Font shape `OMS/cmr/m/n' in size <14.4> not available
(Font)              Font shape `OMS/cmsy/m/n' tried instead on input line 13.
)

Package Fancyhdr Warning: \headheight is too small (12.0pt): 
 Make it at least 14.49998pt.
 We now make it that large for the rest of the document.
 This may cause the page layout to be inconsistent, however.

[6] (./report.toc [7

]

Package Fancyhdr Warning: \headheight is too small (12.0pt): 
 Make it at least 14.49998pt.
 We now make it that large for the rest of the document.
 This may cause the page layout to be inconsistent, however.

[8])
\tf@toc=\write6
\openout6 = `report.toc'.



Package Fancyhdr Warning: \headheight is too small (12.0pt): 
 Make it at least 14.49998pt.
 We now make it that large for the rest of the document.
 This may cause the page layout to be inconsistent, however.

[9] (./report.lof [10

])
\tf@lof=\write7
\openout7 = `report.lof'.



Package Fancyhdr Warning: \headheight is too small (12.0pt): 
 Make it at least 14.49998pt.
 We now make it that large for the rest of the document.
 This may cause the page layout to be inconsistent, however.

[11]
Chapter 1.
(./input/company.tex
<input/images/gndec.jpg, id=578, 556.0775pt x 470.75874pt>
File: input/images/gndec.jpg Graphic file (type jpg)

<use input/images/gndec.jpg>
Package pdftex.def Info: input/images/gndec.jpg used on input line 6.
(pdftex.def)             Requested size: 278.03807pt x 235.3788pt.

Underfull \hbox (badness 10000) in paragraph at lines 9--13

 []


Underfull \hbox (badness 10000) in paragraph at lines 14--17

 []


Underfull \hbox (badness 10000) in paragraph at lines 18--25

 []

pdfTeX warning (ext4): destination with the same identifier (name{page.1}) has 
been already used, duplicate ignored
<to be read again> 
                   \relax 
l.27 T
      he main goal of this institute is: [1

pdfTeX warning (ext4): destination with the same identifier (name{figure.1.1}) 
has been already used, duplicate ignored

\AtBegShi@Output ...ipout \box \AtBeginShipoutBox 
                                                  \fi \fi 
l.27 T
      he main goal of this institute is: <./input/images/gndec.jpg>]
Underfull \hbox (badness 10000) in paragraph at lines 36--38

 []

<input/images/techno.png, id=584, 322.20375pt x 80.3pt>
File: input/images/techno.png Graphic file (type png)

<use input/images/techno.png>
Package pdftex.def Info: input/images/techno.png used on input line 48.
(pdftex.def)             Requested size: 161.10147pt x 40.14989pt.

<input/images/numi.jpeg, id=585, 501.875pt x 84.315pt>
File: input/images/numi.jpeg Graphic file (type jpg)

<use input/images/numi.jpeg>
Package pdftex.def Info: input/images/numi.jpeg used on input line 59.
(pdftex.def)             Requested size: 250.93687pt x 42.15738pt.

Underfull \hbox (badness 10000) in paragraph at lines 62--68

 []


Package Fancyhdr Warning: \headheight is too small (12.0pt): 
 Make it at least 14.49998pt.
 We now make it that large for the rest of the document.
 This may cause the page layout to be inconsistent, however.

[2pdfTeX warning (ext4): destination with the same identifier (name{figure.1.2}
) has been already used, duplicate ignored

\AtBegShi@Output ...ipout \box \AtBeginShipoutBox 
                                                  \fi \fi 
l.68 
      <./input/images/techno.png>]
Underfull \hbox (badness 10000) in paragraph at lines 69--74

 []

Missing character: There is no ‚ in font cmr12!
Missing character: There is no Ä in font cmr12!
Missing character: There is no ô in font cmr12!
) (./input/feasibitystudy.tex
<input/images/paigaam.png, id=591, 273.02pt x 229.85875pt>
File: input/images/paigaam.png Graphic file (type png)

<use input/images/paigaam.png>
Package pdftex.def Info: input/images/paigaam.png used on input line 5.
(pdftex.def)             Requested size: 136.50966pt x 114.92908pt.

Underfull \hbox (badness 10000) in paragraph at lines 8--12

 []


Package Fancyhdr Warning: \headheight is too small (12.0pt): 
 Make it at least 14.49998pt.
 We now make it that large for the rest of the document.
 This may cause the page layout to be inconsistent, however.

[3pdfTeX warning (ext4): destination with the same identifier (name{figure.1.3}
) has been already used, duplicate ignored

\AtBegShi@Output ...ipout \box \AtBeginShipoutBox 
                                                  \fi \fi 
l.13 \noindent
               A chatbot (also known as a talkbot, chatterbot, Bot, IM bot, ...
 <./input/images/numi.jpeg>]

Package Fancyhdr Warning: \headheight is too small (12.0pt): 
 Make it at least 14.49998pt.
 We now make it that large for the rest of the document.
 This may cause the page layout to be inconsistent, however.

[4pdfTeX warning (ext4): destination with the same identifier (name{figure.1.4}
) has been already used, duplicate ignored

\AtBegShi@Output ...ipout \box \AtBeginShipoutBox 
                                                  \fi \fi 
l.37 \item I
            nconsistency of users. This may rear but not everyone has accoun...
 <./input/images/paigaam.png>]
Missing character: There is no ‚ in font cmr12!
Missing character: There is no Ä in font cmr12!
Missing character: There is no ô in font cmr12!
Missing character: There is no ‚ in font cmr12!
Missing character: There is no Ä in font cmr12!
Missing character: There is no ô in font cmr12!
Missing character: There is no ‚ in font cmr12!
Missing character: There is no Ä in font cmr12!
Missing character: There is no ô in font cmr12!
)

Package Fancyhdr Warning: \headheight is too small (12.0pt): 
 Make it at least 14.49998pt.
 We now make it that large for the rest of the document.
 This may cause the page layout to be inconsistent, however.

[5]
Chapter 2.
(./input/ra.tex
Underfull \hbox (badness 10000) in paragraph at lines 2--3

 []


Underfull \hbox (badness 10000) in paragraph at lines 4--5

 []

[6

]

Package Fancyhdr Warning: \headheight is too small (12.0pt): 
 Make it at least 14.49998pt.
 We now make it that large for the rest of the document.
 This may cause the page layout to be inconsistent, however.

[7]
Underfull \hbox (badness 10000) in paragraph at lines 44--45

 []


Underfull \hbox (badness 10000) in paragraph at lines 46--47

 []


Underfull \hbox (badness 10000) in paragraph at lines 48--49

 []


Package Fancyhdr Warning: \headheight is too small (12.0pt): 
 Make it at least 14.49998pt.
 We now make it that large for the rest of the document.
 This may cause the page layout to be inconsistent, however.

[8]
Underfull \hbox (badness 10000) in paragraph at lines 69--70

 []


Package Fancyhdr Warning: \headheight is too small (12.0pt): 
 Make it at least 14.49998pt.
 We now make it that large for the rest of the document.
 This may cause the page layout to be inconsistent, however.

[9]
Underfull \hbox (badness 10000) in paragraph at lines 71--72

 []


Underfull \hbox (badness 10000) in paragraph at lines 73--74

 []


Package Fancyhdr Warning: \headheight is too small (12.0pt): 
 Make it at least 14.49998pt.
 We now make it that large for the rest of the document.
 This may cause the page layout to be inconsistent, however.

[10]) (./input/softreq.tex
Underfull \hbox (badness 10000) in paragraph at lines 3--4

 []


Underfull \hbox (badness 10000) in paragraph at lines 5--6

 []


Package Fancyhdr Warning: \headheight is too small (12.0pt): 
 Make it at least 14.49998pt.
 We now make it that large for the rest of the document.
 This may cause the page layout to be inconsistent, however.

[11]

Package Fancyhdr Warning: \headheight is too small (12.0pt): 
 Make it at least 14.49998pt.
 We now make it that large for the rest of the document.
 This may cause the page layout to be inconsistent, however.

[12]
Overfull \hbox (4.97983pt too wide) in paragraph at lines 40--63
\OT1/cmr/m/n/14.4 After ob-tain-ing the ap-proval, the next phase is anal-y-sis
. Gath-er-ing and analysing
 []

<input/images/sm.png, id=657, 514.92375pt x 360.34625pt>
File: input/images/sm.png Graphic file (type png)

<use input/images/sm.png>
Package pdftex.def Info: input/images/sm.png used on input line 67.
(pdftex.def)             Requested size: 195.67305pt x 136.933pt.
)

Package Fancyhdr Warning: \headheight is too small (12.0pt): 
 Make it at least 14.49998pt.
 We now make it that large for the rest of the document.
 This may cause the page layout to be inconsistent, however.

[13]

Package Fancyhdr Warning: \headheight is too small (12.0pt): 
 Make it at least 14.49998pt.
 We now make it that large for the rest of the document.
 This may cause the page layout to be inconsistent, however.

[14pdfTeX warning (ext4): destination with the same identifier (name{figure.2.1
}) has been already used, duplicate ignored

\AtBegShi@Output ...ipout \box \AtBeginShipoutBox 
                                                  \fi \fi 
l.76 \chapter
             {Project Design} <./input/images/sm.png>]
Chapter 3.
(./input/design.tex
Missing character: There is no ‚ in font cmr12!
Missing character: There is no Ä in font cmr12!
Missing character: There is no ô in font cmr12!
 [15

]
<input/images/dfd01.png, id=671, 1377.145pt x 640.3925pt>
File: input/images/dfd01.png Graphic file (type png)

<use input/images/dfd01.png>
Package pdftex.def Info: input/images/dfd01.png used on input line 55.
(pdftex.def)             Requested size: 275.42412pt x 128.07622pt.

<input/images/dfd02.png, id=672, 1005.7575pt x 640.3925pt>
File: input/images/dfd02.png Graphic file (type png)

<use input/images/dfd02.png>
Package pdftex.def Info: input/images/dfd02.png used on input line 60.
(pdftex.def)             Requested size: 251.43875pt x 160.09773pt.


Package Fancyhdr Warning: \headheight is too small (12.0pt): 
 Make it at least 14.49998pt.
 We now make it that large for the rest of the document.
 This may cause the page layout to be inconsistent, however.

[16] <input/images/fl.png, id=677, 1009.7725pt x 893.3375pt>
File: input/images/fl.png Graphic file (type png)

<use input/images/fl.png>
Package pdftex.def Info: input/images/fl.png used on input line 68.
(pdftex.def)             Requested size: 323.1338pt x 285.87384pt.


Package Fancyhdr Warning: \headheight is too small (12.0pt): 
 Make it at least 14.49998pt.
 We now make it that large for the rest of the document.
 This may cause the page layout to be inconsistent, however.

[17pdfTeX warning (ext4): destination with the same identifier (name{figure.3.1
}) has been already used, duplicate ignored

\AtBegShi@Output ...ipout \box \AtBeginShipoutBox 
                                                  \fi \fi 
l.72 \newpage
             pdfTeX warning (ext4): destination with the same identifier (name{
figure.3.2}) has been already used, duplicate ignored

\AtBegShi@Output ...ipout \box \AtBeginShipoutBox 
                                                  \fi \fi 
l.72 \newpage
              <./input/images/dfd01.png> <./input/images/dfd02.png>]
Underfull \hbox (badness 10000) in paragraph at lines 77--78

 []

<input/images/t1.png, id=684, 590.205pt x 176.66pt>
File: input/images/t1.png Graphic file (type png)
 <use input/images/t1.png>
Package pdftex.def Info: input/images/t1.png used on input line 83.
(pdftex.def)             Requested size: 295.10178pt x 88.32977pt.

<input/images/t2.png, id=685, 949.5475pt x 533.995pt>
File: input/images/t2.png Graphic file (type png)

<use input/images/t2.png>
Package pdftex.def Info: input/images/t2.png used on input line 94.
(pdftex.def)             Requested size: 379.81227pt x 213.59421pt.
 <input/images/t3.png, id=686, 682.55pt x 222.8325pt>
File: input/images/t3.png Graphic file (type png)

<use input/images/t3.png>
Package pdftex.def Info: input/images/t3.png used on input line 103.
(pdftex.def)             Requested size: 341.27417pt x 111.41597pt.
File: input/images/t3.png Graphic file (type png)
 <use input/images/t3.png>
Package pdftex.def Info: input/images/t3.png used on input line 110.
(pdftex.def)             Requested size: 341.27417pt x 111.41597pt.

<input/images/t5.png, id=687, 662.475pt x 254.9525pt>
File: input/images/t5.png Graphic file (type png)

<use input/images/t5.png>
Package pdftex.def Info: input/images/t5.png used on input line 117.
(pdftex.def)             Requested size: 331.2367pt x 127.47592pt.
 <input/images/t6.png, id=688, 726.715pt x 196.735pt>
File: input/images/t6.png Graphic file (type png)

<use input/images/t6.png>
Package pdftex.def Info: input/images/t6.png used on input line 124.
(pdftex.def)             Requested size: 363.3566pt x 98.36725pt.


Package Fancyhdr Warning: \headheight is too small (12.0pt): 
 Make it at least 14.49998pt.
 We now make it that large for the rest of the document.
 This may cause the page layout to be inconsistent, however.

[18pdfTeX warning (ext4): destination with the same identifier (name{figure.3.3
}) has been already used, duplicate ignored

\AtBegShi@Output ...ipout \box \AtBeginShipoutBox 
                                                  \fi \fi 
l.127 \subsection
                 {Chatbot(Paigaam-Assistant)}pdfTeX warning (ext4): destination
 with the same identifier (name{figure.3.4}) has been already used, duplicate i
gnored

\AtBegShi@Output ...ipout \box \AtBeginShipoutBox 
                                                  \fi \fi 
l.127 \subsection
                 {Chatbot(Paigaam-Assistant)} <./input/images/fl.png> <./input/
images/t1.png>]

Package Fancyhdr Warning: \headheight is too small (12.0pt): 
 Make it at least 14.49998pt.
 We now make it that large for the rest of the document.
 This may cause the page layout to be inconsistent, however.

[19pdfTeX warning (ext4): destination with the same identifier (name{figure.3.5
}) has been already used, duplicate ignored

\AtBegShi@Output ...ipout \box \AtBeginShipoutBox 
                                                  \fi \fi 
l.127 \subsection
                 {Chatbot(Paigaam-Assistant)}pdfTeX warning (ext4): destination
 with the same identifier (name{figure.3.6}) has been already used, duplicate i
gnored

\AtBegShi@Output ...ipout \box \AtBeginShipoutBox 
                                                  \fi \fi 
l.127 \subsection
                 {Chatbot(Paigaam-Assistant)} <./input/images/t2.png> <./input/
images/t3.png>] <input/images/t7.png, id=702, 640.3925pt x 233.87375pt>
File: input/images/t7.png Graphic file (type png)

<use input/images/t7.png>
Package pdftex.def Info: input/images/t7.png used on input line 132.
(pdftex.def)             Requested size: 320.19547pt x 116.93657pt.

Underfull \hbox (badness 10000) in paragraph at lines 128--134

 []


Package Fancyhdr Warning: \headheight is too small (12.0pt): 
 Make it at least 14.49998pt.
 We now make it that large for the rest of the document.
 This may cause the page layout to be inconsistent, however.

[20pdfTeX warning (ext4): destination with the same identifier (name{figure.3.7
}) has been already used, duplicate ignored

\AtBegShi@Output ...ipout \box \AtBeginShipoutBox 
                                                  \fi \fi 
l.134 \end{figure}\\\newpage
                            pdfTeX warning (ext4): destination with the same id
entifier (name{figure.3.8}) has been already used, duplicate ignored

\AtBegShi@Output ...ipout \box \AtBeginShipoutBox 
                                                  \fi \fi 
l.134 \end{figure}\\\newpage
                            pdfTeX warning (ext4): destination with the same id
entifier (name{figure.3.9}) has been already used, duplicate ignored

\AtBegShi@Output ...ipout \box \AtBeginShipoutBox 
                                                  \fi \fi 
l.134 \end{figure}\\\newpage
                             <./input/images/t5.png> <./input/images/t6.png>]
<input/images/t9.png, id=709, 642.4pt x 157.58875pt>
File: input/images/t9.png Graphic file (type png)
 <use input/images/t9.png>
Package pdftex.def Info: input/images/t9.png used on input line 139.
(pdftex.def)             Requested size: 321.19922pt x 78.79417pt.


Package Fancyhdr Warning: \headheight is too small (12.0pt): 
 Make it at least 14.49998pt.
 We now make it that large for the rest of the document.
 This may cause the page layout to be inconsistent, however.

[21pdfTeX warning (ext4): destination with the same identifier (name{figure.3.1
0}) has been already used, duplicate ignored

\AtBegShi@Output ...ipout \box \AtBeginShipoutBox 
                                                  \fi \fi 
l.141 \end{figure}\newpage
                          pdfTeX warning (ext4): destination with the same iden
tifier (name{figure.3.11}) has been already used, duplicate ignored

\AtBegShi@Output ...ipout \box \AtBeginShipoutBox 
                                                  \fi \fi 
l.141 \end{figure}\newpage
                           <./input/images/t7.png> <./input/images/t9.png>]
<input/images/er1.png, id=714, 1174.3875pt x 1419.3025pt>
File: input/images/er1.png Graphic file (type png)

<use input/images/er1.png>
Package pdftex.def Info: input/images/er1.png used on input line 145.
(pdftex.def)             Requested size: 411.04178pt x 496.76332pt.


Package Fancyhdr Warning: \headheight is too small (12.0pt): 
 Make it at least 14.49998pt.
 We now make it that large for the rest of the document.
 This may cause the page layout to be inconsistent, however.

[22pdfTeX warning (ext4): destination with the same identifier (name{figure.3.1
2}) has been already used, duplicate ignored

\AtBegShi@Output ...ipout \box \AtBeginShipoutBox 
                                                  \fi \fi 
l.148 \newpage
               <./input/images/er1.png>]
<input/images/erp.png, id=720, 674.52pt x 399.4925pt>
File: input/images/erp.png Graphic file (type png)

<use input/images/erp.png>
Package pdftex.def Info: input/images/erp.png used on input line 151.
(pdftex.def)             Requested size: 202.35756pt x 119.84866pt.
)

Package Fancyhdr Warning: \headheight is too small (12.0pt): 
 Make it at least 14.49998pt.
 We now make it that large for the rest of the document.
 This may cause the page layout to be inconsistent, however.

[23pdfTeX warning (ext4): destination with the same identifier (name{figure.3.1
3}) has been already used, duplicate ignored

\AtBegShi@Output ...ipout \box \AtBeginShipoutBox 
                                                  \fi \fi 
l.82 \chapter
             {Development and Implementation} <./input/images/erp.png>]
Chapter 4.
(./input/lan.tex <input/images/java.png, id=726, 88.33pt x 148.555pt>
File: input/images/java.png Graphic file (type png)

<use input/images/java.png>
Package pdftex.def Info: input/images/java.png used on input line 6.
(pdftex.def)             Requested size: 44.16489pt x 74.27731pt.

<input/images/py.png, id=727, 331.2375pt x 112.42pt>
File: input/images/py.png Graphic file (type png)
 <use input/images/py.png>
Package pdftex.def Info: input/images/py.png used on input line 20.
(pdftex.def)             Requested size: 165.61833pt x 56.20985pt.

<input/images/JS.png, id=728, 451.6875pt x 451.6875pt>
File: input/images/JS.png Graphic file (type png)

<use input/images/JS.png>
Package pdftex.def Info: input/images/JS.png used on input line 29.
(pdftex.def)             Requested size: 145.11053pt x 145.11499pt.
Missing character: There is no À in font cmr12!
Missing character: There is no à in font cmr12!
Missing character: There is no   in font cmr12!
Missing character: There is no í in font cmr12!
Missing character: There is no … in font cmr12!
Missing character: There is no ë in font cmr12!
Missing character: There is no À in font cmr12!
Missing character: There is no ê in font cmr12!
Missing character: There is no … in font cmr12!
Missing character: There is no ô in font cmr12!
Missing character: There is no À in font cmr12!
Missing character: There is no å in font cmr12!
Missing character: There is no … in font cmr12!
Missing character: There is no ™ in font cmr12!
 [24

pdfTeX warning (ext4): destination with the same identifier (name{figure.4.1}) 
has been already used, duplicate ignored

\AtBegShi@Output ...ipout \box \AtBeginShipoutBox 
                                                  \fi \fi 
l.35 
     pdfTeX warning (ext4): destination with the same identifier (name{figure.4
.2}) has been already used, duplicate ignored

\AtBegShi@Output ...ipout \box \AtBeginShipoutBox 
                                                  \fi \fi 
l.35 
      <./input/images/java.png> <./input/images/py.png>]
<input/images/sq.png, id=735, 339.2675pt x 160.6pt>
File: input/images/sq.png Graphic file (type png)
 <use input/images/sq.png>
Package pdftex.def Info: input/images/sq.png used on input line 39.
(pdftex.def)             Requested size: 169.63333pt x 80.29979pt.

<input/images/android.png, id=736, 188.705pt x 135.50626pt>
File: input/images/android.png Graphic file (type png)

<use input/images/android.png>
Package pdftex.def Info: input/images/android.png used on input line 51.
(pdftex.def)             Requested size: 94.35226pt x 67.75294pt.


Package Fancyhdr Warning: \headheight is too small (12.0pt): 
 Make it at least 14.49998pt.
 We now make it that large for the rest of the document.
 This may cause the page layout to be inconsistent, however.

[25pdfTeX warning (ext4): destination with the same identifier (name{figure.4.3
}) has been already used, duplicate ignored

\AtBegShi@Output ...ipout \box \AtBeginShipoutBox 
                                                  \fi \fi 
l.53 \end{figure}
                 pdfTeX warning (ext4): destination with the same identifier (n
ame{figure.4.4}) has been already used, duplicate ignored

\AtBegShi@Output ...ipout \box \AtBeginShipoutBox 
                                                  \fi \fi 
l.53 \end{figure}
                  <./input/images/JS.png> <./input/images/sq.png>]
<input/images/as.png, id=745, 349.305pt x 140.525pt>
File: input/images/as.png Graphic file (type png)
 <use input/images/as.png>
Package pdftex.def Info: input/images/as.png used on input line 62.
(pdftex.def)             Requested size: 174.65207pt x 70.26231pt.


Package Fancyhdr Warning: \headheight is too small (12.0pt): 
 Make it at least 14.49998pt.
 We now make it that large for the rest of the document.
 This may cause the page layout to be inconsistent, however.

[26pdfTeX warning (ext4): destination with the same identifier (name{figure.4.5
}) has been already used, duplicate ignored

\AtBegShi@Output ...ipout \box \AtBeginShipoutBox 
                                                  \fi \fi 
l.76 \subsection
                {Ejabberd}pdfTeX warning (ext4): destination with the same iden
tifier (name{figure.4.6}) has been already used, duplicate ignored

\AtBegShi@Output ...ipout \box \AtBeginShipoutBox 
                                                  \fi \fi 
l.76 \subsection
                {Ejabberd} <./input/images/android.png> <./input/images/as.png>
] <input/images/ej.png, id=752, 418.56375pt x 138.5175pt>
File: input/images/ej.png Graphic file (type png)

<use input/images/ej.png>
Package pdftex.def Info: input/images/ej.png used on input line 79.
(pdftex.def)             Requested size: 209.28136pt x 69.25858pt.

<input/images/er.png, id=753, 100.375pt x 85.31876pt>
File: input/images/er.png Graphic file (type png)

<use input/images/er.png>
Package pdftex.def Info: input/images/er.png used on input line 90.
(pdftex.def)             Requested size: 50.18736pt x 42.65926pt.
Missing character: There is no √ in font cmr12!
Missing character: There is no ß in font cmr12!
Missing character: There is no ‚ in font cmr12!
Missing character: There is no Ä in font cmr12!
Missing character: There is no ô in font cmr12!
 (./input/techno-used.tex

Package Fancyhdr Warning: \headheight is too small (12.0pt): 
 Make it at least 14.49998pt.
 We now make it that large for the rest of the document.
 This may cause the page layout to be inconsistent, however.

[27pdfTeX warning (ext4): destination with the same identifier (name{figure.4.7
}) has been already used, duplicate ignored

\AtBegShi@Output ...ipout \box \AtBeginShipoutBox 
                                                  \fi \fi 
l.1 
    pdfTeX warning (ext4): destination with the same identifier (name{figure.4.
8}) has been already used, duplicate ignored

\AtBegShi@Output ...ipout \box \AtBeginShipoutBox 
                                                  \fi \fi 
l.1 
     <./input/images/ej.png> <./input/images/er.png>] (./input/tech/ubuntu.tex
<input/images/ubu.png, id=760, 268.00125pt x 189.70876pt>
File: input/images/ubu.png Graphic file (type png)

<use input/images/ubu.png>
Package pdftex.def Info: input/images/ubu.png used on input line 5.
(pdftex.def)             Requested size: 145.11053pt x 102.71619pt.

Underfull \hbox (badness 10000) in paragraph at lines 10--12

 []


Underfull \hbox (badness 10000) in paragraph at lines 13--14

 []

) (./input/tech/doxygen.tex
<input/images/doxygen.jpeg, id=761, 404.51125pt x 125.46875pt>
File: input/images/doxygen.jpeg Graphic file (type jpg)

<use input/images/doxygen.jpeg>
Package pdftex.def Info: input/images/doxygen.jpeg used on input line 3.
(pdftex.def)             Requested size: 404.51025pt x 125.46843pt.


Package Fancyhdr Warning: \headheight is too small (12.0pt): 
 Make it at least 14.49998pt.
 We now make it that large for the rest of the document.
 This may cause the page layout to be inconsistent, however.

[28pdfTeX warning (ext4): destination with the same identifier (name{figure.4.9
}) has been already used, duplicate ignored

\AtBegShi@Output ...ipout \box \AtBeginShipoutBox 
                                                  \fi \fi 
l.12 D
      oxygen supports multiple programming languages, especially C++, C, <./inp
ut/images/ubu.png>]
Underfull \hbox (badness 10000) in paragraph at lines 12--16

 []


Underfull \hbox (badness 10000) in paragraph at lines 36--37

 []


Package Fancyhdr Warning: \headheight is too small (12.0pt): 
 Make it at least 14.49998pt.
 We now make it that large for the rest of the document.
 This may cause the page layout to be inconsistent, however.

[29pdfTeX warning (ext4): destination with the same identifier (name{figure.4.1
0}) has been already used, duplicate ignored

\AtBegShi@Output ...ipout \box \AtBeginShipoutBox 
                                                  \fi \fi 
l.38 \hspace{4pt}
                  \$ git clone https://github.com/doxygen/doxygen.git <./input/
images/doxygen.jpeg>]) (./input/tech/latex.tex
<input/images/donald.png, id=771, 170.88844pt x 237.13594pt>
File: input/images/donald.png Graphic file (type png)

<use input/images/donald.png>
Package pdftex.def Info: input/images/donald.png used on input line 12.
(pdftex.def)             Requested size: 145.11053pt x 201.37833pt.


Package Fancyhdr Warning: \headheight is too small (12.0pt): 
 Make it at least 14.49998pt.
 We now make it that large for the rest of the document.
 This may cause the page layout to be inconsistent, however.

[30pdfTeX warning (ext4): destination with the same identifier (name{figure.4.1
1}) has been already used, duplicate ignored

\AtBegShi@Output ...ipout \box \AtBeginShipoutBox 
                                                  \fi \fi 
l.34 
      <./input/images/donald.png>]
<input/images/la.png, id=776, 1371.1225pt x 770.88pt>
File: input/images/la.png Graphic file (type png)

<use input/images/la.png>
Package pdftex.def Info: input/images/la.png used on input line 64.
(pdftex.def)             Requested size: 338.58632pt x 190.35522pt.
) (./input/tech/git.tex
<input/images/github.jpg, id=777, 401.5pt x 301.125pt>
File: input/images/github.jpg Graphic file (type jpg)

<use input/images/github.jpg>
Package pdftex.def Info: input/images/github.jpg used on input line 5.
(pdftex.def)             Requested size: 145.11053pt x 108.83682pt.

Underfull \hbox (badness 10000) in paragraph at lines 9--11

 []


Underfull \hbox (badness 10000) in paragraph at lines 12--13

 []


Package Fancyhdr Warning: \headheight is too small (12.0pt): 
 Make it at least 14.49998pt.
 We now make it that large for the rest of the document.
 This may cause the page layout to be inconsistent, however.

[31]
Underfull \hbox (badness 10000) in paragraph at lines 14--15

 []


Underfull \hbox (badness 10000) in paragraph at lines 16--23

 []


Underfull \hbox (badness 10000) in paragraph at lines 16--23

 []


Package Fancyhdr Warning: \headheight is too small (12.0pt): 
 Make it at least 14.49998pt.
 We now make it that large for the rest of the document.
 This may cause the page layout to be inconsistent, however.

[32pdfTeX warning (ext4): destination with the same identifier (name{figure.4.1
2}) has been already used, duplicate ignored

\AtBegShi@Output ...ipout \box \AtBeginShipoutBox 
                                                  \fi \fi 
l.23 \begin{itemize}
                    pdfTeX warning (ext4): destination with the same identifier
 (name{figure.4.13}) has been already used, duplicate ignored

\AtBegShi@Output ...ipout \box \AtBeginShipoutBox 
                                                  \fi \fi 
l.23 \begin{itemize}
                     <./input/images/la.png> <./input/images/github.jpg>]
Missing character: There is no ‚ in font cmr12!
Missing character: There is no Ä in font cmr12!
Missing character: There is no î in font cmr12!

Underfull \hbox (badness 10000) in paragraph at lines 40--49

 []

<input/images/git.jpg, id=788, 219.95218pt x 219.95218pt>
File: input/images/git.jpg Graphic file (type jpg)

<use input/images/git.jpg>
Package pdftex.def Info: input/images/git.jpg used on input line 53.
(pdftex.def)             Requested size: 145.11053pt x 145.11853pt.

Underfull \hbox (badness 10000) in paragraph at lines 57--58

 []

Missing character: There is no ‚ in font cmr12!
Missing character: There is no Ä in font cmr12!
Missing character: There is no ì in font cmr12!

Underfull \hbox (badness 10000) in paragraph at lines 59--60

 []


Package Fancyhdr Warning: \headheight is too small (12.0pt): 
 Make it at least 14.49998pt.
 We now make it that large for the rest of the document.
 This may cause the page layout to be inconsistent, however.

[33]
Underfull \hbox (badness 10000) in paragraph at lines 61--62

 []


Underfull \hbox (badness 10000) in paragraph at lines 65--72

 []


Underfull \hbox (badness 10000) in paragraph at lines 65--72

 []


Underfull \hbox (badness 10000) in paragraph at lines 65--72

 []


Underfull \hbox (badness 10000) in paragraph at lines 75--76

 []


Package Fancyhdr Warning: \headheight is too small (12.0pt): 
 Make it at least 14.49998pt.
 We now make it that large for the rest of the document.
 This may cause the page layout to be inconsistent, however.

[34pdfTeX warning (ext4): destination with the same identifier (name{figure.4.1
4}) has been already used, duplicate ignored

\AtBegShi@Output ...ipout \box \AtBeginShipoutBox 
                                                  \fi \fi 
l.76 
      <./input/images/git.jpg>]
Underfull \hbox (badness 10000) in paragraph at lines 84--86

 []


Underfull \hbox (badness 10000) in paragraph at lines 104--106

 []


Underfull \hbox (badness 10000) in paragraph at lines 124--126

 []


Package Fancyhdr Warning: \headheight is too small (12.0pt): 
 Make it at least 14.49998pt.
 We now make it that large for the rest of the document.
 This may cause the page layout to be inconsistent, however.

[35]
Missing character: There is no ‚ in font cmr12!
Missing character: There is no Ä in font cmr12!
Missing character: There is no ô in font cmr12!
) (./input/tech/exp.tex
<input/images/ser.png, id=803, 451.6875pt x 451.6875pt>
File: input/images/ser.png Graphic file (type png)

<use input/images/ser.png>
Package pdftex.def Info: input/images/ser.png used on input line 4.
(pdftex.def)             Requested size: 145.11053pt x 145.11499pt.
Missing character: There is no ‚ in font cmr12!
Missing character: There is no Ä in font cmr12!
Missing character: There is no ô in font cmr12!

Underfull \hbox (badness 10000) in paragraph at lines 8--13

 []


Package Fancyhdr Warning: \headheight is too small (12.0pt): 
 Make it at least 14.49998pt.
 We now make it that large for the rest of the document.
 This may cause the page layout to be inconsistent, however.

[36pdfTeX warning (ext4): destination with the same identifier (name{figure.4.1
5}) has been already used, duplicate ignored

\AtBegShi@Output ...ipout \box \AtBeginShipoutBox 
                                                  \fi \fi 
l.14 \item S
            SH: It is a Secure Socket Shell, is a network protocol that prov...
 <./input/images/ser.png>]
Underfull \hbox (badness 10000) in paragraph at lines 21--24

 []


Underfull \hbox (badness 10000) in paragraph at lines 21--24

 []


Package Fancyhdr Warning: \headheight is too small (12.0pt): 
 Make it at least 14.49998pt.
 We now make it that large for the rest of the document.
 This may cause the page layout to be inconsistent, however.

[37])) <input/images/im.png, id=814, 1413.28pt x 829.0975pt>
File: input/images/im.png Graphic file (type png)

<use input/images/im.png>
Package pdftex.def Info: input/images/im.png used on input line 108.
(pdftex.def)             Requested size: 423.98727pt x 248.73117pt.

<input/images/aeb.png, id=815, 923.45pt x 384.43625pt>
File: input/images/aeb.png Graphic file (type png)

<use input/images/aeb.png>
Package pdftex.def Info: input/images/aeb.png used on input line 129.
(pdftex.def)             Requested size: 277.03712pt x 115.33176pt.

Underfull \hbox (badness 10000) in paragraph at lines 126--132

 []


Package Fancyhdr Warning: \headheight is too small (12.0pt): 
 Make it at least 14.49998pt.
 We now make it that large for the rest of the document.
 This may cause the page layout to be inconsistent, however.

[38pdfTeX warning (ext4): destination with the same identifier (name{figure.4.1
6}) has been already used, duplicate ignored

\AtBegShi@Output ...ipout \box \AtBeginShipoutBox 
                                                  \fi \fi 
l.132 \begin{itemize}
                      <./input/images/im.png>]

Package Fancyhdr Warning: \headheight is too small (12.0pt): 
 Make it at least 14.49998pt.
 We now make it that large for the rest of the document.
 This may cause the page layout to be inconsistent, however.

[39pdfTeX warning (ext4): destination with the same identifier (name{figure.4.1
7}) has been already used, duplicate ignored

\AtBegShi@Output ...ipout \box \AtBeginShipoutBox 
                                                  \fi \fi 
l.158 \item O
             pen the app. <./input/images/aeb.png>]
<input/images/s1.png, id=827, 334.24875pt x 593.21625pt>
File: input/images/s1.png Graphic file (type png)

<use input/images/s1.png>
Package pdftex.def Info: input/images/s1.png used on input line 167.
(pdftex.def)             Requested size: 100.27539pt x 177.96625pt.

<input/images/s2.png, id=828, 333.245pt x 593.21625pt>
File: input/images/s2.png Graphic file (type png)

<use input/images/s2.png>
Package pdftex.def Info: input/images/s2.png used on input line 184.
(pdftex.def)             Requested size: 99.97426pt x 177.96625pt.


Package Fancyhdr Warning: \headheight is too small (12.0pt): 
 Make it at least 14.49998pt.
 We now make it that large for the rest of the document.
 This may cause the page layout to be inconsistent, however.

[40pdfTeX warning (ext4): destination with the same identifier (name{figure.4.1
8}) has been already used, duplicate ignored

\AtBegShi@Output ...ipout \box \AtBeginShipoutBox 
                                                  \fi \fi 
l.194 \begin{itemize}
                      <./input/images/s1.png>]
<input/images/s3.png, id=836, 333.245pt x 593.21625pt>
File: input/images/s3.png Graphic file (type png)

<use input/images/s3.png>
Package pdftex.def Info: input/images/s3.png used on input line 204.
(pdftex.def)             Requested size: 99.97426pt x 177.96625pt.


Package Fancyhdr Warning: \headheight is too small (12.0pt): 
 Make it at least 14.49998pt.
 We now make it that large for the rest of the document.
 This may cause the page layout to be inconsistent, however.

[41pdfTeX warning (ext4): destination with the same identifier (name{figure.4.1
9}) has been already used, duplicate ignored

\AtBegShi@Output ...ipout \box \AtBeginShipoutBox 
                                                  \fi \fi 
l.215 \begin{itemize}
                     pdfTeX warning (ext4): destination with the same identifie
r (name{figure.4.20}) has been already used, duplicate ignored

\AtBegShi@Output ...ipout \box \AtBeginShipoutBox 
                                                  \fi \fi 
l.215 \begin{itemize}
                      <./input/images/s2.png> <./input/images/s3.png>]
<input/images/s4.png, id=843, 333.245pt x 593.21625pt>
File: input/images/s4.png Graphic file (type png)

<use input/images/s4.png>
Package pdftex.def Info: input/images/s4.png used on input line 226.
(pdftex.def)             Requested size: 99.97426pt x 177.96625pt.


Package Fancyhdr Warning: \headheight is too small (12.0pt): 
 Make it at least 14.49998pt.
 We now make it that large for the rest of the document.
 This may cause the page layout to be inconsistent, however.

[42pdfTeX warning (ext4): destination with the same identifier (name{figure.4.2
1}) has been already used, duplicate ignored

\AtBegShi@Output ...ipout \box \AtBeginShipoutBox 
                                                  \fi \fi 
l.239 \item C
             lick on the send button <./input/images/s4.png>]
<input/images/s5.png, id=852, 333.245pt x 593.21625pt>
File: input/images/s5.png Graphic file (type png)

<use input/images/s5.png>
Package pdftex.def Info: input/images/s5.png used on input line 245.
(pdftex.def)             Requested size: 99.97426pt x 177.96625pt.

Underfull \hbox (badness 10000) in paragraph at lines 271--273

 []

<input/images/s11.png, id=853, 520.94624pt x 456.70625pt>
File: input/images/s11.png Graphic file (type png)

<use input/images/s11.png>
Package pdftex.def Info: input/images/s11.png used on input line 276.
(pdftex.def)             Requested size: 156.28508pt x 137.01292pt.


Package Fancyhdr Warning: \headheight is too small (12.0pt): 
 Make it at least 14.49998pt.
 We now make it that large for the rest of the document.
 This may cause the page layout to be inconsistent, however.

[43pdfTeX warning (ext4): destination with the same identifier (name{figure.4.2
2}) has been already used, duplicate ignored

\AtBegShi@Output ...ipout \box \AtBeginShipoutBox 
                                                  \fi \fi 
l.288 \begin{itemize}
                      <./input/images/s5.png>]
<input/images/s12.png, id=865, 334.24875pt x 593.21625pt>
File: input/images/s12.png Graphic file (type png)

<use input/images/s12.png>
Package pdftex.def Info: input/images/s12.png used on input line 302.
(pdftex.def)             Requested size: 100.27539pt x 177.96625pt.

Overfull \hbox (31.17029pt too wide) in paragraph at lines 316--317
[]\OT1/cmr/m/n/14.4 Open a web browser and open the URL https://ambivert.me/jsx
c/example/ 
 []


Package Fancyhdr Warning: \headheight is too small (12.0pt): 
 Make it at least 14.49998pt.
 We now make it that large for the rest of the document.
 This may cause the page layout to be inconsistent, however.

[44pdfTeX warning (ext4): destination with the same identifier (name{figure.4.2
3}) has been already used, duplicate ignored

\AtBegShi@Output ...ipout \box \AtBeginShipoutBox 
                                                  \fi \fi 
l.320 \item S
             end message. <./input/images/s11.png>]
Underfull \hbox (badness 10000) in paragraph at lines 322--324

 []

<input/images/s21.png, id=873, 455.7025pt x 443.6575pt>
File: input/images/s21.png Graphic file (type png)

<use input/images/s21.png>
Package pdftex.def Info: input/images/s21.png used on input line 327.
(pdftex.def)             Requested size: 182.27776pt x 177.45984pt.


Package Fancyhdr Warning: \headheight is too small (12.0pt): 
 Make it at least 14.49998pt.
 We now make it that large for the rest of the document.
 This may cause the page layout to be inconsistent, however.

[45pdfTeX warning (ext4): destination with the same identifier (name{figure.4.2
4}) has been already used, duplicate ignored

\AtBegShi@Output ...ipout \box \AtBeginShipoutBox 
                                                  \fi \fi 
l.330 \newpage
              pdfTeX warning (ext4): destination with the same identifier (name
{figure.4.25}) has been already used, duplicate ignored

\AtBegShi@Output ...ipout \box \AtBeginShipoutBox 
                                                  \fi \fi 
l.330 \newpage
               <./input/images/s12.png> <./input/images/s21.png>]
<input/images/s22.png, id=880, 1032.85875pt x 593.21625pt>
File: input/images/s22.png Graphic file (type png)

<use input/images/s22.png>
Package pdftex.def Info: input/images/s22.png used on input line 333.
(pdftex.def)             Requested size: 413.13618pt x 237.28229pt.

Overfull \hbox (31.17029pt too wide) in paragraph at lines 344--345
[]\OT1/cmr/m/n/14.4 Open a web browser and open the URL https://ambivert.me/jsx
c/example/ 
 []

<input/images/s31.png, id=881, 949.5475pt x 593.21625pt>
File: input/images/s31.png Graphic file (type png)

<use input/images/s31.png>
Package pdftex.def Info: input/images/s31.png used on input line 354.
(pdftex.def)             Requested size: 284.86644pt x 177.96625pt.

<input/images/s32.png, id=882, 949.5475pt x 593.21625pt>
File: input/images/s32.png Graphic file (type png)

<use input/images/s32.png>
Package pdftex.def Info: input/images/s32.png used on input line 359.
(pdftex.def)             Requested size: 284.86644pt x 177.96625pt.

<input/images/s33.png, id=883, 949.5475pt x 593.21625pt>
File: input/images/s33.png Graphic file (type png)

<use input/images/s33.png>
Package pdftex.def Info: input/images/s33.png used on input line 364.
(pdftex.def)             Requested size: 284.86644pt x 177.96625pt.
)

Package Fancyhdr Warning: \headheight is too small (12.0pt): 
 Make it at least 14.49998pt.
 We now make it that large for the rest of the document.
 This may cause the page layout to be inconsistent, however.

[46pdfTeX warning (ext4): destination with the same identifier (name{figure.4.2
6}) has been already used, duplicate ignored

\AtBegShi@Output ...ipout \box \AtBeginShipoutBox 
                                                  \fi \fi 
l.87 \chapter
             {Conclusion and Future Scope} <./input/images/s22.png>]

Package Fancyhdr Warning: \headheight is too small (12.0pt): 
 Make it at least 14.49998pt.
 We now make it that large for the rest of the document.
 This may cause the page layout to be inconsistent, however.

[47pdfTeX warning (ext4): destination with the same identifier (name{figure.4.2
7}) has been already used, duplicate ignored

\AtBegShi@Output ...ipout \box \AtBeginShipoutBox 
                                                  \fi \fi 
l.87 \chapter
             {Conclusion and Future Scope}pdfTeX warning (ext4): destination wi
th the same identifier (name{figure.4.28}) has been already used, duplicate ign
ored

\AtBegShi@Output ...ipout \box \AtBeginShipoutBox 
                                                  \fi \fi 
l.87 \chapter
             {Conclusion and Future Scope}pdfTeX warning (ext4): destination wi
th the same identifier (name{figure.4.29}) has been already used, duplicate ign
ored

\AtBegShi@Output ...ipout \box \AtBeginShipoutBox 
                                                  \fi \fi 
l.87 \chapter
             {Conclusion and Future Scope} <./input/images/s31.png> <./input/im
ages/s32.png> <./input/images/s33.png>]
Chapter 5.
(./input/Conclusion/conclusion.tex
Missing character: There is no ‚ in font cmr12!
Missing character: There is no Ä in font cmr12!
Missing character: There is no ì in font cmr12!
) (./input/Conclusion/future.tex
Underfull \hbox (badness 10000) in paragraph at lines 2--1

 []

) (./input/Conclusion/bibliography.tex [48

]
Missing character: There is no ‚ in font cmr12!
Missing character: There is no Ä in font cmr12!
Missing character: There is no ú in font cmr12!
Missing character: There is no ‚ in font cmr12!
Missing character: There is no Ä in font cmr12!
Missing character: There is no ù in font cmr12!
Missing character: There is no ‚ in font cmr12!
Missing character: There is no Ä in font cmr12!
Missing character: There is no ú in font cmr12!
Missing character: There is no ‚ in font cmr12!
Missing character: There is no Ä in font cmr12!
Missing character: There is no ù in font cmr12!
Missing character: There is no ‚ in font cmr12!
Missing character: There is no Ä in font cmr12!
Missing character: There is no ú in font cmr12!
Missing character: There is no ‚ in font cmr12!
Missing character: There is no Ä in font cmr12!
Missing character: There is no ù in font cmr12!

Underfull \hbox (badness 10000) in paragraph at lines 9--10
[]\OT1/cmr/m/n/14.4 Errbot Doc-u-men-ta-tion, 2016. [On-line]. Avail-able:
 []

Missing character: There is no ‚ in font cmr12!
Missing character: There is no Ä in font cmr12!
Missing character: There is no ú in font cmr12!
Missing character: There is no ‚ in font cmr12!
Missing character: There is no Ä in font cmr12!
Missing character: There is no ù in font cmr12!
Missing character: There is no ‚ in font cmr12!
Missing character: There is no Ä in font cmr12!
Missing character: There is no ú in font cmr12!
Missing character: There is no ‚ in font cmr12!
Missing character: There is no Ä in font cmr12!
Missing character: There is no ù in font cmr12!

Underfull \hbox (badness 10000) in paragraph at lines 14--15
[]\OT1/cmr/m/n/14.4 Ejabberd Doc-u-men-ta-tion, 2017. [On-line]. Avail-able:
 []

Missing character: There is no ‚ in font cmr12!
Missing character: There is no Ä in font cmr12!
Missing character: There is no ú in font cmr12!
Missing character: There is no ‚ in font cmr12!
Missing character: There is no Ä in font cmr12!
Missing character: There is no ù in font cmr12!
) AED: lastpage setting LastPage [49

pdfTeX warning (ext4): destination with the same identifier (name{cite.}) has b
een already used, duplicate ignored

\AtBegShi@Output ...ipout \box \AtBeginShipoutBox 
                                                  \fi \fi 
l.93 \end{document}
                   pdfTeX warning (ext4): destination with the same identifier 
(name{cite.}) has been already used, duplicate ignored

\AtBegShi@Output ...ipout \box \AtBeginShipoutBox 
                                                  \fi \fi 
l.93 \end{document}
                   pdfTeX warning (ext4): destination with the same identifier 
(name{cite.}) has been already used, duplicate ignored

\AtBegShi@Output ...ipout \box \AtBeginShipoutBox 
                                                  \fi \fi 
l.93 \end{document}
                   pdfTeX warning (ext4): destination with the same identifier 
(name{cite.}) has been already used, duplicate ignored

\AtBegShi@Output ...ipout \box \AtBeginShipoutBox 
                                                  \fi \fi 
l.93 \end{document}
                   pdfTeX warning (ext4): destination with the same identifier 
(name{cite.}) has been already used, duplicate ignored

\AtBegShi@Output ...ipout \box \AtBeginShipoutBox 
                                                  \fi \fi 
l.93 \end{document}
                   pdfTeX warning (ext4): destination with the same identifier 
(name{cite.}) has been already used, duplicate ignored

\AtBegShi@Output ...ipout \box \AtBeginShipoutBox 
                                                  \fi \fi 
l.93 \end{document}
                   ]
Package atveryend Info: Empty hook `BeforeClearDocument' on input line 93.
Package atveryend Info: Empty hook `AfterLastShipout' on input line 93.
 (./report.aux)
Package atveryend Info: Executing hook `AtVeryEndDocument' on input line 93.
Package atveryend Info: Executing hook `AtEndAfterFileList' on input line 93.
Package rerunfilecheck Info: File `report.out' has not changed.
(rerunfilecheck)             Checksum: D0918761EB34D914AA920776C718DBE7;5671.


LaTeX Warning: There were multiply-defined labels.

Package atveryend Info: Empty hook `AtVeryVeryEnd' on input line 93.
 )
(\end occurred inside a group at level 1)

### simple group (level 1) entered at line 6 ({)
### bottom level 
Here is how much of TeX's memory you used:
 8883 strings out of 493029
 127736 string characters out of 6136235
 307118 words of memory out of 5000000
 11974 multiletter control sequences out of 15000+600000
 12925 words of font info for 49 fonts, out of 8000000 for 9000
 1141 hyphenation exceptions out of 8191
 36i,12n,43p,1137b,542s stack positions out of 5000i,500n,10000p,200000b,80000s
</usr/share/texlive/texmf-dist/fonts/type1/public/amsfonts/cm/c
mbx12.pfb></usr/share/texlive/texmf-dist/fonts/type1/public/amsfonts/cm/cmr10.p
fb></usr/share/texlive/texmf-dist/fonts/type1/public/amsfonts/cm/cmr12.pfb></us
r/share/texlive/texmf-dist/fonts/type1/public/amsfonts/cm/cmr17.pfb></usr/share
/texlive/texmf-dist/fonts/type1/public/amsfonts/cm/cmsl12.pfb></usr/share/texli
ve/texmf-dist/fonts/type1/public/amsfonts/cm/cmss17.pfb></usr/share/texlive/tex
mf-dist/fonts/type1/public/amsfonts/cm/cmsy10.pfb></usr/share/texlive/texmf-dis
t/fonts/type1/public/amsfonts/cm/cmti12.pfb></usr/share/texlive/texmf-dist/font
s/type1/public/amsfonts/cm/cmtt12.pfb>
Output written on report.pdf (61 pages, 10769408 bytes).
PDF statistics:
 996 PDF objects out of 1000 (max. 8388607)
 829 compressed objects within 9 object streams
 234 named destinations out of 1000 (max. 500000)
 907 words of extra memory for PDF output out of 10000 (max. 10000000)

