\BOOKMARK [0][]{chapter.1}{Introduction}{}% 1
\BOOKMARK [1][]{section.1.1}{Introduction to Organization}{chapter.1}% 2
\BOOKMARK [2][]{subsection.1.1.1}{Testing and Consutancy Cell}{section.1.1}% 3
\BOOKMARK [2][]{subsection.1.1.2}{Techno Campus}{section.1.1}% 4
\BOOKMARK [2][]{subsection.1.1.3}{Numitech Solutions}{section.1.1}% 5
\BOOKMARK [1][]{section.1.2}{Introduction to Project}{chapter.1}% 6
\BOOKMARK [2][]{subsection.1.2.1}{Overview}{section.1.2}% 7
\BOOKMARK [1][]{section.1.3}{The Existing System}{chapter.1}% 8
\BOOKMARK [1][]{section.1.4}{User Requirement Analysis}{chapter.1}% 9
\BOOKMARK [1][]{section.1.5}{Objective of Project }{chapter.1}% 10
\BOOKMARK [0][]{chapter.2}{Requirement Analysis and System Specification}{}% 11
\BOOKMARK [1][]{section.2.1}{Feasibilty Study}{chapter.2}% 12
\BOOKMARK [2][]{subsection.2.1.1}{Tyes of Feasibility Study}{section.2.1}% 13
\BOOKMARK [3][]{subsubsection.2.1.1.1}{Technical Feasibility}{subsection.2.1.1}% 14
\BOOKMARK [3][]{subsubsection.2.1.1.2}{Economic Feasibility}{subsection.2.1.1}% 15
\BOOKMARK [3][]{subsubsection.2.1.1.3}{Behavioral Feasibility}{subsection.2.1.1}% 16
\BOOKMARK [1][]{section.2.2}{Software Requirement Analysis}{chapter.2}% 17
\BOOKMARK [1][]{section.2.3}{Software Requirement Specification}{chapter.2}% 18
\BOOKMARK [2][]{subsection.2.3.1}{Functional Requirements}{section.2.3}% 19
\BOOKMARK [3][]{subsubsection.2.3.1.1}{Students}{subsection.2.3.1}% 20
\BOOKMARK [3][]{subsubsection.2.3.1.2}{Teachers}{subsection.2.3.1}% 21
\BOOKMARK [2][]{subsection.2.3.2}{Non-Functional Requirements}{section.2.3}% 22
\BOOKMARK [3][]{subsubsection.2.3.2.1}{Databases}{subsection.2.3.2}% 23
\BOOKMARK [3][]{subsubsection.2.3.2.2}{Platform}{subsection.2.3.2}% 24
\BOOKMARK [3][]{subsubsection.2.3.2.3}{Web Browser}{subsection.2.3.2}% 25
\BOOKMARK [1][]{section.2.4}{SDLC model to be used}{chapter.2}% 26
\BOOKMARK [2][]{subsection.2.4.1}{Spiral Model}{section.2.4}% 27
\BOOKMARK [0][]{chapter.3}{Project Design}{}% 28
\BOOKMARK [1][]{section.3.1}{Product Perspective}{chapter.3}% 29
\BOOKMARK [1][]{section.3.2}{Product Functions}{chapter.3}% 30
\BOOKMARK [1][]{section.3.3}{User Characteristics}{chapter.3}% 31
\BOOKMARK [1][]{section.3.4}{Constraints}{chapter.3}% 32
\BOOKMARK [1][]{section.3.5}{Data Flow Diagram}{chapter.3}% 33
\BOOKMARK [1][]{section.3.6}{Flowchart}{chapter.3}% 34
\BOOKMARK [1][]{section.3.7}{Table Structure}{chapter.3}% 35
\BOOKMARK [2][]{subsection.3.7.1}{Paigaam}{section.3.7}% 36
\BOOKMARK [2][]{subsection.3.7.2}{Chatbot\(Paigaam-Assistant\)}{section.3.7}% 37
\BOOKMARK [1][]{section.3.8}{ER Diagrams}{chapter.3}% 38
\BOOKMARK [2][]{subsection.3.8.1}{Assumptions and Dependencies}{section.3.8}% 39
\BOOKMARK [2][]{subsection.3.8.2}{Specific Requirements}{section.3.8}% 40
\BOOKMARK [3][]{subsubsection.3.8.2.1}{Software Requirements}{subsection.3.8.2}% 41
\BOOKMARK [3][]{subsubsection.3.8.2.2}{Hardware Requirements}{subsection.3.8.2}% 42
\BOOKMARK [0][]{chapter.4}{Development and Implementation}{}% 43
\BOOKMARK [1][]{section.4.1}{Development and Implementation}{chapter.4}% 44
\BOOKMARK [2][]{subsection.4.1.1}{Introduction to Languages}{section.4.1}% 45
\BOOKMARK [3][]{subsubsection.4.1.1.1}{Java}{subsection.4.1.1}% 46
\BOOKMARK [2][]{subsection.4.1.2}{Python}{section.4.1}% 47
\BOOKMARK [2][]{subsection.4.1.3}{Javascript}{section.4.1}% 48
\BOOKMARK [2][]{subsection.4.1.4}{SQLite}{section.4.1}% 49
\BOOKMARK [1][]{section.4.2}{Any other Supporting Languages or tools}{chapter.4}% 50
\BOOKMARK [2][]{subsection.4.2.1}{Android}{section.4.2}% 51
\BOOKMARK [2][]{subsection.4.2.2}{Android Studio}{section.4.2}% 52
\BOOKMARK [2][]{subsection.4.2.3}{Strophe.js}{section.4.2}% 53
\BOOKMARK [2][]{subsection.4.2.4}{BOSH \(protocol\)}{section.4.2}% 54
\BOOKMARK [2][]{subsection.4.2.5}{Ejabberd}{section.4.2}% 55
\BOOKMARK [2][]{subsection.4.2.6}{Errbot}{section.4.2}% 56
\BOOKMARK [2][]{subsection.4.2.7}{SleekXMPP}{section.4.2}% 57
\BOOKMARK [1][]{section.4.3}{Ubuntu: An open source OS}{chapter.4}% 58
\BOOKMARK [1][]{section.4.4}{Introduction To Doxygen}{chapter.4}% 59
\BOOKMARK [2][]{subsection.4.4.1}{Installation of Doxygen}{section.4.4}% 60
\BOOKMARK [1][]{section.4.5}{Introduction to LaTeX}{chapter.4}% 61
\BOOKMARK [2][]{subsection.4.5.1}{Typesetting}{section.4.5}% 62
\BOOKMARK [1][]{section.4.6}{Introduction to Github}{chapter.4}% 63
\BOOKMARK [2][]{subsection.4.6.1}{What is Git?}{section.4.6}% 64
\BOOKMARK [2][]{subsection.4.6.2}{Installation of Git}{section.4.6}% 65
\BOOKMARK [2][]{subsection.4.6.3}{Various Git Commands}{section.4.6}% 66
\BOOKMARK [3][]{subsubsection.4.6.3.1}{Create Repositories}{subsection.4.6.3}% 67
\BOOKMARK [3][]{subsubsection.4.6.3.2}{Make Changes}{subsection.4.6.3}% 68
\BOOKMARK [3][]{subsubsection.4.6.3.3}{Group Changes}{subsection.4.6.3}% 69
\BOOKMARK [3][]{subsubsection.4.6.3.4}{Synchronize Changes}{subsection.4.6.3}% 70
\BOOKMARK [1][]{section.4.7}{Working with Server}{chapter.4}% 71
\BOOKMARK [1][]{section.4.8}{Implementation of project}{chapter.4}% 72
\BOOKMARK [2][]{subsection.4.8.1}{Architecture of project}{section.4.8}% 73
\BOOKMARK [2][]{subsection.4.8.2}{Working of the Paigaam-Assistant\(Chatbot\)}{section.4.8}% 74
\BOOKMARK [1][]{section.4.9}{Test Cases}{chapter.4}% 75
\BOOKMARK [2][]{subsection.4.9.1}{Paigaam App}{section.4.9}% 76
\BOOKMARK [2][]{subsection.4.9.2}{Paigaam Assistant\(Chatbot\)}{section.4.9}% 77
\BOOKMARK [2][]{subsection.4.9.3}{Paigaam Web Client}{section.4.9}% 78
\BOOKMARK [0][]{chapter.5}{Conclusion and Future Scope}{}% 79
\BOOKMARK [1][]{section.5.1}{Conclusion}{chapter.5}% 80
\BOOKMARK [1][]{section.5.2}{Future Scope}{chapter.5}% 81
\BOOKMARK [0][]{Item.41}{BIBLIOGRAPHY}{}% 82
