\BOOKMARK [0][]{chapter.1}{Introduction To Big Data}{}% 1
\BOOKMARK [1][]{section.1.1}{Big Data Characteristics}{chapter.1}% 2
\BOOKMARK [1][]{section.1.2}{Importance of Big Data}{chapter.1}% 3
\BOOKMARK [1][]{section.1.3}{Uses of Big Data}{chapter.1}% 4
\BOOKMARK [0][]{chapter.2}{Introduction To Data Mining}{}% 5
\BOOKMARK [1][]{section.2.1}{Data Mining Parameters}{chapter.2}% 6
\BOOKMARK [1][]{section.2.2}{Benefits Of Data Mining}{chapter.2}% 7
\BOOKMARK [0][]{chapter.3}{PHP}{}% 8
\BOOKMARK [0][]{chapter.4}{HUMAN PSYCHOLOGY}{}% 9
\BOOKMARK [0][]{chapter.5}{Computational biology}{}% 10
\BOOKMARK [1][]{section.5.1}{Bioinformatics}{chapter.5}% 11
\BOOKMARK [1][]{section.5.2}{Sequence Analysis}{chapter.5}% 12
\BOOKMARK [0][]{chapter.6}{JAVA}{}% 13
\BOOKMARK [1][]{section.6.1}{Java Platform}{chapter.6}% 14
\BOOKMARK [1][]{section.6.2}{Automatic Memory Management}{chapter.6}% 15
\BOOKMARK [0][]{chapter.7}{Server Administration}{}% 16
\BOOKMARK [1][]{section.7.1}{Server Administrator}{chapter.7}% 17
\BOOKMARK [1][]{section.7.2}{System Administrator Duties And Skills}{chapter.7}% 18
\BOOKMARK [1][]{section.7.3}{IT System Administrator Certifications}{chapter.7}% 19
\BOOKMARK [0][]{chapter.8}{Human Values}{}% 20
\BOOKMARK [0][]{chapter.9}{Performance Enhancement}{}% 21
\BOOKMARK [0][]{chapter.10}{Introduction to Raspberry pi}{}% 22
\BOOKMARK [1][]{section.10.1}{Comparing Raspberry pi with PC}{chapter.10}% 23
\BOOKMARK [1][]{section.10.2}{Basics of Raspberry pi}{chapter.10}% 24
\BOOKMARK [1][]{section.10.3}{Comparing Raspberry pie Models}{chapter.10}% 25
\BOOKMARK [1][]{section.10.4}{Operating system in Raspberry Pi}{chapter.10}% 26
\BOOKMARK [1][]{section.10.5}{Why Raspberry Pi ?}{chapter.10}% 27
